Analysis & Synthesis report for MECHENG371_Project
Fri Sep 23 14:47:38 2016
Quartus II 64-Bit Version 12.0 Build 178 05/31/2012 SJ Full Version


---------------------
; Table of Contents ;
---------------------
  1. Legal Notice
  2. Analysis & Synthesis Summary
  3. Analysis & Synthesis Settings
  4. Parallel Compilation
  5. Analysis & Synthesis Source Files Read
  6. Analysis & Synthesis Resource Usage Summary
  7. Analysis & Synthesis Resource Utilization by Entity
  8. User-Specified and Inferred Latches
  9. Registers Removed During Synthesis
 10. General Register Statistics
 11. Multiplexer Restructuring Statistics (Restructuring Performed)
 12. Port Connectivity Checks: "hexEncoder:hB2"
 13. Port Connectivity Checks: "hexEncoder:hB1"
 14. Port Connectivity Checks: "hexEncoder:hA2"
 15. Port Connectivity Checks: "hexEncoder:hA1"
 16. Port Connectivity Checks: "keypad:k1|shiftRegDebounce:s15"
 17. Port Connectivity Checks: "keypad:k1|shiftRegDebounce:s14"
 18. Port Connectivity Checks: "keypad:k1|shiftRegDebounce:s13"
 19. Port Connectivity Checks: "keypad:k1|shiftRegDebounce:s12"
 20. Port Connectivity Checks: "keypad:k1|shiftRegDebounce:s11"
 21. Port Connectivity Checks: "keypad:k1|shiftRegDebounce:s10"
 22. Port Connectivity Checks: "keypad:k1|shiftRegDebounce:s9"
 23. Port Connectivity Checks: "keypad:k1|shiftRegDebounce:s8"
 24. Port Connectivity Checks: "keypad:k1|shiftRegDebounce:s7"
 25. Port Connectivity Checks: "keypad:k1|shiftRegDebounce:s6"
 26. Port Connectivity Checks: "keypad:k1|shiftRegDebounce:s5"
 27. Port Connectivity Checks: "keypad:k1|shiftRegDebounce:s4"
 28. Port Connectivity Checks: "keypad:k1|shiftRegDebounce:s3"
 29. Port Connectivity Checks: "keypad:k1|shiftRegDebounce:s2"
 30. Port Connectivity Checks: "keypad:k1|shiftRegDebounce:s1"
 31. Port Connectivity Checks: "keypad:k1|shiftRegDebounce:s0"
 32. Port Connectivity Checks: "clk_div:c1"
 33. Elapsed Time Per Partition
 34. Analysis & Synthesis Messages
 35. Analysis & Synthesis Suppressed Messages



----------------
; Legal Notice ;
----------------
Copyright (C) 1991-2012 Altera Corporation
Your use of Altera Corporation's design tools, logic functions 
and other software and tools, and its AMPP partner logic 
functions, and any output files from any of the foregoing 
(including device programming or simulation files), and any 
associated documentation or information are expressly subject 
to the terms and conditions of the Altera Program License 
Subscription Agreement, Altera MegaCore Function License 
Agreement, or other applicable license agreement, including, 
without limitation, that your use is for the sole purpose of 
programming logic devices manufactured by Altera and sold by 
Altera or its authorized distributors.  Please refer to the 
applicable agreement for further details.



+--------------------------------------------------------------------------------+
; Analysis & Synthesis Summary                                                   ;
+------------------------------------+-------------------------------------------+
; Analysis & Synthesis Status        ; Successful - Fri Sep 23 14:47:38 2016     ;
; Quartus II 64-Bit Version          ; 12.0 Build 178 05/31/2012 SJ Full Version ;
; Revision Name                      ; MECHENG371_Project                        ;
; Top-level Entity Name              ; MECHENG371_Project                        ;
; Family                             ; Cyclone II                                ;
; Total logic elements               ; 240                                       ;
;     Total combinational functions  ; 165                                       ;
;     Dedicated logic registers      ; 153                                       ;
; Total registers                    ; 153                                       ;
; Total pins                         ; 124                                       ;
; Total virtual pins                 ; 0                                         ;
; Total memory bits                  ; 0                                         ;
; Embedded Multiplier 9-bit elements ; 0                                         ;
; Total PLLs                         ; 0                                         ;
+------------------------------------+-------------------------------------------+


+----------------------------------------------------------------------------------------------------------------------+
; Analysis & Synthesis Settings                                                                                        ;
+----------------------------------------------------------------------------+--------------------+--------------------+
; Option                                                                     ; Setting            ; Default Value      ;
+----------------------------------------------------------------------------+--------------------+--------------------+
; Device                                                                     ; EP2C35F672C6       ;                    ;
; Top-level entity name                                                      ; MECHENG371_Project ; MECHENG371_Project ;
; Family name                                                                ; Cyclone II         ; Cyclone IV GX      ;
; Use smart compilation                                                      ; Off                ; Off                ;
; Enable parallel Assembler and TimeQuest Timing Analyzer during compilation ; On                 ; On                 ;
; Enable compact report table                                                ; Off                ; Off                ;
; Restructure Multiplexers                                                   ; Auto               ; Auto               ;
; Create Debugging Nodes for IP Cores                                        ; Off                ; Off                ;
; Preserve fewer node names                                                  ; On                 ; On                 ;
; Disable OpenCore Plus hardware evaluation                                  ; Off                ; Off                ;
; Verilog Version                                                            ; Verilog_2001       ; Verilog_2001       ;
; VHDL Version                                                               ; VHDL_1993          ; VHDL_1993          ;
; State Machine Processing                                                   ; Auto               ; Auto               ;
; Safe State Machine                                                         ; Off                ; Off                ;
; Extract Verilog State Machines                                             ; On                 ; On                 ;
; Extract VHDL State Machines                                                ; On                 ; On                 ;
; Ignore Verilog initial constructs                                          ; Off                ; Off                ;
; Iteration limit for constant Verilog loops                                 ; 5000               ; 5000               ;
; Iteration limit for non-constant Verilog loops                             ; 250                ; 250                ;
; Add Pass-Through Logic to Inferred RAMs                                    ; On                 ; On                 ;
; Infer RAMs from Raw Logic                                                  ; On                 ; On                 ;
; Parallel Synthesis                                                         ; On                 ; On                 ;
; DSP Block Balancing                                                        ; Auto               ; Auto               ;
; NOT Gate Push-Back                                                         ; On                 ; On                 ;
; Power-Up Don't Care                                                        ; On                 ; On                 ;
; Remove Redundant Logic Cells                                               ; Off                ; Off                ;
; Remove Duplicate Registers                                                 ; On                 ; On                 ;
; Ignore CARRY Buffers                                                       ; Off                ; Off                ;
; Ignore CASCADE Buffers                                                     ; Off                ; Off                ;
; Ignore GLOBAL Buffers                                                      ; Off                ; Off                ;
; Ignore ROW GLOBAL Buffers                                                  ; Off                ; Off                ;
; Ignore LCELL Buffers                                                       ; Off                ; Off                ;
; Ignore SOFT Buffers                                                        ; On                 ; On                 ;
; Limit AHDL Integers to 32 Bits                                             ; Off                ; Off                ;
; Optimization Technique                                                     ; Balanced           ; Balanced           ;
; Carry Chain Length                                                         ; 70                 ; 70                 ;
; Auto Carry Chains                                                          ; On                 ; On                 ;
; Auto Open-Drain Pins                                                       ; On                 ; On                 ;
; Perform WYSIWYG Primitive Resynthesis                                      ; Off                ; Off                ;
; Auto ROM Replacement                                                       ; On                 ; On                 ;
; Auto RAM Replacement                                                       ; On                 ; On                 ;
; Auto Shift Register Replacement                                            ; Auto               ; Auto               ;
; Allow Shift Register Merging across Hierarchies                            ; Auto               ; Auto               ;
; Auto Clock Enable Replacement                                              ; On                 ; On                 ;
; Strict RAM Replacement                                                     ; Off                ; Off                ;
; Allow Synchronous Control Signals                                          ; On                 ; On                 ;
; Force Use of Synchronous Clear Signals                                     ; Off                ; Off                ;
; Auto RAM to Logic Cell Conversion                                          ; Off                ; Off                ;
; Auto Resource Sharing                                                      ; Off                ; Off                ;
; Allow Any RAM Size For Recognition                                         ; Off                ; Off                ;
; Allow Any ROM Size For Recognition                                         ; Off                ; Off                ;
; Allow Any Shift Register Size For Recognition                              ; Off                ; Off                ;
; Use LogicLock Constraints during Resource Balancing                        ; On                 ; On                 ;
; Ignore translate_off and synthesis_off directives                          ; Off                ; Off                ;
; Timing-Driven Synthesis                                                    ; Off                ; Off                ;
; Report Parameter Settings                                                  ; On                 ; On                 ;
; Report Source Assignments                                                  ; On                 ; On                 ;
; Report Connectivity Checks                                                 ; On                 ; On                 ;
; Ignore Maximum Fan-Out Assignments                                         ; Off                ; Off                ;
; Synchronization Register Chain Length                                      ; 2                  ; 2                  ;
; PowerPlay Power Optimization                                               ; Normal compilation ; Normal compilation ;
; HDL message level                                                          ; Level2             ; Level2             ;
; Suppress Register Optimization Related Messages                            ; Off                ; Off                ;
; Number of Removed Registers Reported in Synthesis Report                   ; 5000               ; 5000               ;
; Number of Swept Nodes Reported in Synthesis Report                         ; 5000               ; 5000               ;
; Number of Inverted Registers Reported in Synthesis Report                  ; 100                ; 100                ;
; Clock MUX Protection                                                       ; On                 ; On                 ;
; Auto Gated Clock Conversion                                                ; Off                ; Off                ;
; Block Design Naming                                                        ; Auto               ; Auto               ;
; SDC constraint protection                                                  ; Off                ; Off                ;
; Synthesis Effort                                                           ; Auto               ; Auto               ;
; Shift Register Replacement - Allow Asynchronous Clear Signal               ; On                 ; On                 ;
; Analysis & Synthesis Message Level                                         ; Medium             ; Medium             ;
; Disable Register Merging Across Hierarchies                                ; Auto               ; Auto               ;
; Resource Aware Inference For Block RAM                                     ; On                 ; On                 ;
; Synthesis Seed                                                             ; 1                  ; 1                  ;
+----------------------------------------------------------------------------+--------------------+--------------------+


+------------------------------------------+
; Parallel Compilation                     ;
+----------------------------+-------------+
; Processors                 ; Number      ;
+----------------------------+-------------+
; Number detected on machine ; 4           ;
; Maximum allowed            ; 4           ;
;                            ;             ;
; Average used               ; 1.00        ;
; Maximum used               ; 1           ;
;                            ;             ;
; Usage by Processor         ; % Time Used ;
;     1 processor            ; 100.0%      ;
;     2-4 processors         ;   0.0%      ;
+----------------------------+-------------+


+------------------------------------------------------------------------------------------------------------------------------+
; Analysis & Synthesis Source Files Read                                                                                       ;
+----------------------------------+-----------------+------------------------+--------------------------------------+---------+
; File Name with User-Entered Path ; Used in Netlist ; File Type              ; File Name with Absolute Path         ; Library ;
+----------------------------------+-----------------+------------------------+--------------------------------------+---------+
; MECHENG371_Project.v             ; yes             ; User Verilog HDL File  ; D:/371_Project1/MECHENG371_Project.v ;         ;
; colFunction.v                    ; yes             ; User Verilog HDL File  ; D:/371_Project1/colFunction.v        ;         ;
; keypad.v                         ; yes             ; User Verilog HDL File  ; D:/371_Project1/keypad.v             ;         ;
; clk_div.v                        ; yes             ; User Verilog HDL File  ; D:/371_Project1/clk_div.v            ;         ;
; hexEncoder.v                     ; yes             ; User Verilog HDL File  ; D:/371_Project1/hexEncoder.v         ;         ;
; shiftRegDebounce.v               ; yes             ; User Verilog HDL File  ; D:/371_Project1/shiftRegDebounce.v   ;         ;
; shiftReg.v                       ; yes             ; User Verilog HDL File  ; D:/371_Project1/shiftReg.v           ;         ;
+----------------------------------+-----------------+------------------------+--------------------------------------+---------+


+------------------------------------------------------------------+
; Analysis & Synthesis Resource Usage Summary                      ;
+---------------------------------------------+--------------------+
; Resource                                    ; Usage              ;
+---------------------------------------------+--------------------+
; Estimated Total logic elements              ; 240                ;
;                                             ;                    ;
; Total combinational functions               ; 165                ;
; Logic element usage by number of LUT inputs ;                    ;
;     -- 4 input functions                    ; 84                 ;
;     -- 3 input functions                    ; 43                 ;
;     -- <=2 input functions                  ; 38                 ;
;                                             ;                    ;
; Logic elements by mode                      ;                    ;
;     -- normal mode                          ; 140                ;
;     -- arithmetic mode                      ; 25                 ;
;                                             ;                    ;
; Total registers                             ; 153                ;
;     -- Dedicated logic registers            ; 153                ;
;     -- I/O registers                        ; 0                  ;
;                                             ;                    ;
; I/O pins                                    ; 124                ;
; Maximum fan-out node                        ; clk_div:c1|clk_out ;
; Maximum fan-out                             ; 128                ;
; Total fan-out                               ; 972                ;
; Average fan-out                             ; 2.20               ;
+---------------------------------------------+--------------------+


+--------------------------------------------------------------------------------------------------------------------------------------------------------------------------------------------------------------+
; Analysis & Synthesis Resource Utilization by Entity                                                                                                                                                          ;
+------------------------------+-------------------+--------------+-------------+--------------+---------+-----------+------+--------------+----------------------------------------------------+--------------+
; Compilation Hierarchy Node   ; LC Combinationals ; LC Registers ; Memory Bits ; DSP Elements ; DSP 9x9 ; DSP 18x18 ; Pins ; Virtual Pins ; Full Hierarchy Name                                ; Library Name ;
+------------------------------+-------------------+--------------+-------------+--------------+---------+-----------+------+--------------+----------------------------------------------------+--------------+
; |MECHENG371_Project          ; 165 (4)           ; 153 (7)      ; 0           ; 0            ; 0       ; 0         ; 124  ; 0            ; |MECHENG371_Project                                ;              ;
;    |clk_div:c1|              ; 42 (42)           ; 27 (27)      ; 0           ; 0            ; 0       ; 0         ; 0    ; 0            ; |MECHENG371_Project|clk_div:c1                     ;              ;
;    |colFunction:c60|         ; 9 (9)             ; 6 (6)        ; 0           ; 0            ; 0       ; 0         ; 0    ; 0            ; |MECHENG371_Project|colFunction:c60                ;              ;
;    |hexEncoder:hB1|          ; 15 (15)           ; 0 (0)        ; 0           ; 0            ; 0       ; 0         ; 0    ; 0            ; |MECHENG371_Project|hexEncoder:hB1                 ;              ;
;    |hexEncoder:hB2|          ; 15 (15)           ; 0 (0)        ; 0           ; 0            ; 0       ; 0         ; 0    ; 0            ; |MECHENG371_Project|hexEncoder:hB2                 ;              ;
;    |keypad:k1|               ; 80 (64)           ; 105 (25)     ; 0           ; 0            ; 0       ; 0         ; 0    ; 0            ; |MECHENG371_Project|keypad:k1                      ;              ;
;       |shiftRegDebounce:s0|  ; 1 (1)             ; 5 (5)        ; 0           ; 0            ; 0       ; 0         ; 0    ; 0            ; |MECHENG371_Project|keypad:k1|shiftRegDebounce:s0  ;              ;
;       |shiftRegDebounce:s10| ; 1 (1)             ; 5 (5)        ; 0           ; 0            ; 0       ; 0         ; 0    ; 0            ; |MECHENG371_Project|keypad:k1|shiftRegDebounce:s10 ;              ;
;       |shiftRegDebounce:s11| ; 1 (1)             ; 5 (5)        ; 0           ; 0            ; 0       ; 0         ; 0    ; 0            ; |MECHENG371_Project|keypad:k1|shiftRegDebounce:s11 ;              ;
;       |shiftRegDebounce:s12| ; 1 (1)             ; 5 (5)        ; 0           ; 0            ; 0       ; 0         ; 0    ; 0            ; |MECHENG371_Project|keypad:k1|shiftRegDebounce:s12 ;              ;
;       |shiftRegDebounce:s13| ; 1 (1)             ; 5 (5)        ; 0           ; 0            ; 0       ; 0         ; 0    ; 0            ; |MECHENG371_Project|keypad:k1|shiftRegDebounce:s13 ;              ;
;       |shiftRegDebounce:s14| ; 1 (1)             ; 5 (5)        ; 0           ; 0            ; 0       ; 0         ; 0    ; 0            ; |MECHENG371_Project|keypad:k1|shiftRegDebounce:s14 ;              ;
;       |shiftRegDebounce:s15| ; 1 (1)             ; 5 (5)        ; 0           ; 0            ; 0       ; 0         ; 0    ; 0            ; |MECHENG371_Project|keypad:k1|shiftRegDebounce:s15 ;              ;
;       |shiftRegDebounce:s1|  ; 1 (1)             ; 5 (5)        ; 0           ; 0            ; 0       ; 0         ; 0    ; 0            ; |MECHENG371_Project|keypad:k1|shiftRegDebounce:s1  ;              ;
;       |shiftRegDebounce:s2|  ; 1 (1)             ; 5 (5)        ; 0           ; 0            ; 0       ; 0         ; 0    ; 0            ; |MECHENG371_Project|keypad:k1|shiftRegDebounce:s2  ;              ;
;       |shiftRegDebounce:s3|  ; 1 (1)             ; 5 (5)        ; 0           ; 0            ; 0       ; 0         ; 0    ; 0            ; |MECHENG371_Project|keypad:k1|shiftRegDebounce:s3  ;              ;
;       |shiftRegDebounce:s4|  ; 1 (1)             ; 5 (5)        ; 0           ; 0            ; 0       ; 0         ; 0    ; 0            ; |MECHENG371_Project|keypad:k1|shiftRegDebounce:s4  ;              ;
;       |shiftRegDebounce:s5|  ; 1 (1)             ; 5 (5)        ; 0           ; 0            ; 0       ; 0         ; 0    ; 0            ; |MECHENG371_Project|keypad:k1|shiftRegDebounce:s5  ;              ;
;       |shiftRegDebounce:s6|  ; 1 (1)             ; 5 (5)        ; 0           ; 0            ; 0       ; 0         ; 0    ; 0            ; |MECHENG371_Project|keypad:k1|shiftRegDebounce:s6  ;              ;
;       |shiftRegDebounce:s7|  ; 1 (1)             ; 5 (5)        ; 0           ; 0            ; 0       ; 0         ; 0    ; 0            ; |MECHENG371_Project|keypad:k1|shiftRegDebounce:s7  ;              ;
;       |shiftRegDebounce:s8|  ; 1 (1)             ; 5 (5)        ; 0           ; 0            ; 0       ; 0         ; 0    ; 0            ; |MECHENG371_Project|keypad:k1|shiftRegDebounce:s8  ;              ;
;       |shiftRegDebounce:s9|  ; 1 (1)             ; 5 (5)        ; 0           ; 0            ; 0       ; 0         ; 0    ; 0            ; |MECHENG371_Project|keypad:k1|shiftRegDebounce:s9  ;              ;
;    |shiftReg:sB|             ; 0 (0)             ; 8 (8)        ; 0           ; 0            ; 0       ; 0         ; 0    ; 0            ; |MECHENG371_Project|shiftReg:sB                    ;              ;
+------------------------------+-------------------+--------------+-------------+--------------+---------+-----------+------+--------------+----------------------------------------------------+--------------+
Note: For table entries with two numbers listed, the numbers in parentheses indicate the number of resources of the given type used by the specific entity alone. The numbers listed outside of parentheses indicate the total resources of the given type used by the specific entity and all of its sub-entities in the hierarchy.


+----------------------------------------------------------------------------------------------------+
; User-Specified and Inferred Latches                                                                ;
+-----------------------------------------------------+---------------------+------------------------+
; Latch Name                                          ; Latch Enable Signal ; Free of Timing Hazards ;
+-----------------------------------------------------+---------------------+------------------------+
; hexEncoder:hB1|HEX[0]                               ; hexEncoder:hB1|Mux7 ; yes                    ;
; hexEncoder:hB1|HEX[1]                               ; hexEncoder:hB1|Mux7 ; yes                    ;
; hexEncoder:hB1|HEX[2]                               ; hexEncoder:hB1|Mux7 ; yes                    ;
; hexEncoder:hB1|HEX[3]                               ; hexEncoder:hB1|Mux7 ; yes                    ;
; hexEncoder:hB1|HEX[4]                               ; hexEncoder:hB1|Mux7 ; yes                    ;
; hexEncoder:hB1|HEX[5]                               ; hexEncoder:hB1|Mux7 ; yes                    ;
; hexEncoder:hB1|HEX[6]                               ; hexEncoder:hB1|Mux7 ; yes                    ;
; hexEncoder:hB2|HEX[0]                               ; hexEncoder:hB2|Mux7 ; yes                    ;
; hexEncoder:hB2|HEX[1]                               ; hexEncoder:hB2|Mux7 ; yes                    ;
; hexEncoder:hB2|HEX[2]                               ; hexEncoder:hB2|Mux7 ; yes                    ;
; hexEncoder:hB2|HEX[3]                               ; hexEncoder:hB2|Mux7 ; yes                    ;
; hexEncoder:hB2|HEX[4]                               ; hexEncoder:hB2|Mux7 ; yes                    ;
; hexEncoder:hB2|HEX[5]                               ; hexEncoder:hB2|Mux7 ; yes                    ;
; hexEncoder:hB2|HEX[6]                               ; hexEncoder:hB2|Mux7 ; yes                    ;
; hexEncoder:hA1|HEX[0]                               ; hexEncoder:hB1|Mux7 ; yes                    ;
; hexEncoder:hA1|HEX[1]                               ; hexEncoder:hB1|Mux7 ; yes                    ;
; hexEncoder:hA1|HEX[2]                               ; hexEncoder:hB1|Mux7 ; yes                    ;
; hexEncoder:hA1|HEX[3]                               ; hexEncoder:hB1|Mux7 ; yes                    ;
; hexEncoder:hA1|HEX[4]                               ; hexEncoder:hB1|Mux7 ; yes                    ;
; hexEncoder:hA1|HEX[5]                               ; hexEncoder:hB1|Mux7 ; yes                    ;
; hexEncoder:hA1|HEX[6]                               ; hexEncoder:hB1|Mux7 ; yes                    ;
; hexEncoder:hA2|HEX[0]                               ; hexEncoder:hB2|Mux7 ; yes                    ;
; hexEncoder:hA2|HEX[1]                               ; hexEncoder:hB2|Mux7 ; yes                    ;
; hexEncoder:hA2|HEX[2]                               ; hexEncoder:hB2|Mux7 ; yes                    ;
; hexEncoder:hA2|HEX[3]                               ; hexEncoder:hB2|Mux7 ; yes                    ;
; hexEncoder:hA2|HEX[4]                               ; hexEncoder:hB2|Mux7 ; yes                    ;
; hexEncoder:hA2|HEX[5]                               ; hexEncoder:hB2|Mux7 ; yes                    ;
; hexEncoder:hA2|HEX[6]                               ; hexEncoder:hB2|Mux7 ; yes                    ;
; Number of user-specified and inferred latches = 28  ;                     ;                        ;
+-----------------------------------------------------+---------------------+------------------------+
Note: All latches listed above may not be present at the end of synthesis due to various synthesis optimizations.


+----------------------------------------------------------------------------------+
; Registers Removed During Synthesis                                               ;
+---------------------------------------+------------------------------------------+
; Register name                         ; Reason for Removal                       ;
+---------------------------------------+------------------------------------------+
; Enable[0]                             ; Merged with Enable[1]                    ;
; shiftReg:sA|ShiftedValues[0]          ; Merged with shiftReg:sB|ShiftedValues[0] ;
; shiftReg:sA|ShiftedValues[1]          ; Merged with shiftReg:sB|ShiftedValues[1] ;
; shiftReg:sA|ShiftedValues[2]          ; Merged with shiftReg:sB|ShiftedValues[2] ;
; shiftReg:sA|ShiftedValues[3]          ; Merged with shiftReg:sB|ShiftedValues[3] ;
; shiftReg:sA|ShiftedValues[4]          ; Merged with shiftReg:sB|ShiftedValues[4] ;
; shiftReg:sA|ShiftedValues[5]          ; Merged with shiftReg:sB|ShiftedValues[5] ;
; shiftReg:sA|ShiftedValues[6]          ; Merged with shiftReg:sB|ShiftedValues[6] ;
; shiftReg:sA|ShiftedValues[7]          ; Merged with shiftReg:sB|ShiftedValues[7] ;
; Total Number of Removed Registers = 9 ;                                          ;
+---------------------------------------+------------------------------------------+


+------------------------------------------------------+
; General Register Statistics                          ;
+----------------------------------------------+-------+
; Statistic                                    ; Value ;
+----------------------------------------------+-------+
; Total registers                              ; 153   ;
; Number of registers using Synchronous Clear  ; 0     ;
; Number of registers using Synchronous Load   ; 0     ;
; Number of registers using Asynchronous Clear ; 0     ;
; Number of registers using Asynchronous Load  ; 0     ;
; Number of registers using Clock Enable       ; 88    ;
; Number of registers using Preset             ; 0     ;
+----------------------------------------------+-------+


+---------------------------------------------------------------------------------------------------------------------------------------------------------------+
; Multiplexer Restructuring Statistics (Restructuring Performed)                                                                                                ;
+--------------------+-----------+---------------+----------------------+------------------------+---------------------------------+----------------------------+
; Multiplexer Inputs ; Bus Width ; Baseline Area ; Area if Restructured ; Saving if Restructured ; Registered                      ; Example Multiplexer Output ;
+--------------------+-----------+---------------+----------------------+------------------------+---------------------------------+----------------------------+
; 4:1                ; 3 bits    ; 6 LEs         ; 6 LEs                ; 0 LEs                  ; |MECHENG371_Project|Operator[1] ;                            ;
+--------------------+-----------+---------------+----------------------+------------------------+---------------------------------+----------------------------+


+--------------------------------------------------------------------------------------------------------------------------------------------------------------------------------------------------+
; Port Connectivity Checks: "hexEncoder:hB2"                                                                                                                                                       ;
+------+--------+----------+-----------------------------------------------------------------------------------------------------------------------------------------------------------------------+
; Port ; Type   ; Severity ; Details                                                                                                                                                               ;
+------+--------+----------+-----------------------------------------------------------------------------------------------------------------------------------------------------------------------+
; HEX  ; Output ; Warning  ; Output or bidir port (7 bits) is smaller than the port expression (8 bits) it drives.  The 1 most-significant bit(s) in the port expression will be connected to GND. ;
+------+--------+----------+-----------------------------------------------------------------------------------------------------------------------------------------------------------------------+


+--------------------------------------------------------------------------------------------------------------------------------------------------------------------------------------------------+
; Port Connectivity Checks: "hexEncoder:hB1"                                                                                                                                                       ;
+------+--------+----------+-----------------------------------------------------------------------------------------------------------------------------------------------------------------------+
; Port ; Type   ; Severity ; Details                                                                                                                                                               ;
+------+--------+----------+-----------------------------------------------------------------------------------------------------------------------------------------------------------------------+
; HEX  ; Output ; Warning  ; Output or bidir port (7 bits) is smaller than the port expression (8 bits) it drives.  The 1 most-significant bit(s) in the port expression will be connected to GND. ;
+------+--------+----------+-----------------------------------------------------------------------------------------------------------------------------------------------------------------------+


+--------------------------------------------------------------------------------------------------------------------------------------------------------------------------------------------------+
; Port Connectivity Checks: "hexEncoder:hA2"                                                                                                                                                       ;
+------+--------+----------+-----------------------------------------------------------------------------------------------------------------------------------------------------------------------+
; Port ; Type   ; Severity ; Details                                                                                                                                                               ;
+------+--------+----------+-----------------------------------------------------------------------------------------------------------------------------------------------------------------------+
; HEX  ; Output ; Warning  ; Output or bidir port (7 bits) is smaller than the port expression (8 bits) it drives.  The 1 most-significant bit(s) in the port expression will be connected to GND. ;
+------+--------+----------+-----------------------------------------------------------------------------------------------------------------------------------------------------------------------+


+--------------------------------------------------------------------------------------------------------------------------------------------------------------------------------------------------+
; Port Connectivity Checks: "hexEncoder:hA1"                                                                                                                                                       ;
+------+--------+----------+-----------------------------------------------------------------------------------------------------------------------------------------------------------------------+
; Port ; Type   ; Severity ; Details                                                                                                                                                               ;
+------+--------+----------+-----------------------------------------------------------------------------------------------------------------------------------------------------------------------+
; HEX  ; Output ; Warning  ; Output or bidir port (7 bits) is smaller than the port expression (8 bits) it drives.  The 1 most-significant bit(s) in the port expression will be connected to GND. ;
+------+--------+----------+-----------------------------------------------------------------------------------------------------------------------------------------------------------------------+


+-------------------------------------------------------------------------------------------------------------------------------------------------------------------------------------------------------------------+
; Port Connectivity Checks: "keypad:k1|shiftRegDebounce:s15"                                                                                                                                                        ;
+----------+--------+----------+------------------------------------------------------------------------------------------------------------------------------------------------------------------------------------+
; Port     ; Type   ; Severity ; Details                                                                                                                                                                            ;
+----------+--------+----------+------------------------------------------------------------------------------------------------------------------------------------------------------------------------------------+
; R        ; Input  ; Info     ; Stuck at GND                                                                                                                                                                       ;
; Load     ; Input  ; Warning  ; Input port expression (32 bits) is wider than the input port (1 bits) it drives.  The 31 most-significant bit(s) in the expression will be dangling if they have no other fanouts. ;
; Load[-1] ; Input  ; Info     ; Stuck at GND                                                                                                                                                                       ;
; Q        ; Output ; Warning  ; Output or bidir port (4 bits) is wider than the port expression (1 bits) it drives; bit(s) "Q[3..1]" have no fanouts                                                               ;
+----------+--------+----------+------------------------------------------------------------------------------------------------------------------------------------------------------------------------------------+


+-------------------------------------------------------------------------------------------------------------------------------------------------------------------------------------------------------------------+
; Port Connectivity Checks: "keypad:k1|shiftRegDebounce:s14"                                                                                                                                                        ;
+----------+--------+----------+------------------------------------------------------------------------------------------------------------------------------------------------------------------------------------+
; Port     ; Type   ; Severity ; Details                                                                                                                                                                            ;
+----------+--------+----------+------------------------------------------------------------------------------------------------------------------------------------------------------------------------------------+
; R        ; Input  ; Info     ; Stuck at GND                                                                                                                                                                       ;
; Load     ; Input  ; Warning  ; Input port expression (32 bits) is wider than the input port (1 bits) it drives.  The 31 most-significant bit(s) in the expression will be dangling if they have no other fanouts. ;
; Load[-1] ; Input  ; Info     ; Stuck at GND                                                                                                                                                                       ;
; Q        ; Output ; Warning  ; Output or bidir port (4 bits) is wider than the port expression (1 bits) it drives; bit(s) "Q[3..1]" have no fanouts                                                               ;
+----------+--------+----------+------------------------------------------------------------------------------------------------------------------------------------------------------------------------------------+


+-------------------------------------------------------------------------------------------------------------------------------------------------------------------------------------------------------------------+
; Port Connectivity Checks: "keypad:k1|shiftRegDebounce:s13"                                                                                                                                                        ;
+----------+--------+----------+------------------------------------------------------------------------------------------------------------------------------------------------------------------------------------+
; Port     ; Type   ; Severity ; Details                                                                                                                                                                            ;
+----------+--------+----------+------------------------------------------------------------------------------------------------------------------------------------------------------------------------------------+
; R        ; Input  ; Info     ; Stuck at GND                                                                                                                                                                       ;
; Load     ; Input  ; Warning  ; Input port expression (32 bits) is wider than the input port (1 bits) it drives.  The 31 most-significant bit(s) in the expression will be dangling if they have no other fanouts. ;
; Load[-1] ; Input  ; Info     ; Stuck at GND                                                                                                                                                                       ;
; Q        ; Output ; Warning  ; Output or bidir port (4 bits) is wider than the port expression (1 bits) it drives; bit(s) "Q[3..1]" have no fanouts                                                               ;
+----------+--------+----------+------------------------------------------------------------------------------------------------------------------------------------------------------------------------------------+


+-------------------------------------------------------------------------------------------------------------------------------------------------------------------------------------------------------------------+
; Port Connectivity Checks: "keypad:k1|shiftRegDebounce:s12"                                                                                                                                                        ;
+----------+--------+----------+------------------------------------------------------------------------------------------------------------------------------------------------------------------------------------+
; Port     ; Type   ; Severity ; Details                                                                                                                                                                            ;
+----------+--------+----------+------------------------------------------------------------------------------------------------------------------------------------------------------------------------------------+
; R        ; Input  ; Info     ; Stuck at GND                                                                                                                                                                       ;
; Load     ; Input  ; Warning  ; Input port expression (32 bits) is wider than the input port (1 bits) it drives.  The 31 most-significant bit(s) in the expression will be dangling if they have no other fanouts. ;
; Load[-1] ; Input  ; Info     ; Stuck at GND                                                                                                                                                                       ;
; Q        ; Output ; Warning  ; Output or bidir port (4 bits) is wider than the port expression (1 bits) it drives; bit(s) "Q[3..1]" have no fanouts                                                               ;
+----------+--------+----------+------------------------------------------------------------------------------------------------------------------------------------------------------------------------------------+


+-------------------------------------------------------------------------------------------------------------------------------------------------------------------------------------------------------------------+
; Port Connectivity Checks: "keypad:k1|shiftRegDebounce:s11"                                                                                                                                                        ;
+----------+--------+----------+------------------------------------------------------------------------------------------------------------------------------------------------------------------------------------+
; Port     ; Type   ; Severity ; Details                                                                                                                                                                            ;
+----------+--------+----------+------------------------------------------------------------------------------------------------------------------------------------------------------------------------------------+
; R        ; Input  ; Info     ; Stuck at GND                                                                                                                                                                       ;
; Load     ; Input  ; Warning  ; Input port expression (32 bits) is wider than the input port (1 bits) it drives.  The 31 most-significant bit(s) in the expression will be dangling if they have no other fanouts. ;
; Load[-1] ; Input  ; Info     ; Stuck at GND                                                                                                                                                                       ;
; Q        ; Output ; Warning  ; Output or bidir port (4 bits) is wider than the port expression (1 bits) it drives; bit(s) "Q[3..1]" have no fanouts                                                               ;
+----------+--------+----------+------------------------------------------------------------------------------------------------------------------------------------------------------------------------------------+


+-------------------------------------------------------------------------------------------------------------------------------------------------------------------------------------------------------------------+
; Port Connectivity Checks: "keypad:k1|shiftRegDebounce:s10"                                                                                                                                                        ;
+----------+--------+----------+------------------------------------------------------------------------------------------------------------------------------------------------------------------------------------+
; Port     ; Type   ; Severity ; Details                                                                                                                                                                            ;
+----------+--------+----------+------------------------------------------------------------------------------------------------------------------------------------------------------------------------------------+
; R        ; Input  ; Info     ; Stuck at GND                                                                                                                                                                       ;
; Load     ; Input  ; Warning  ; Input port expression (32 bits) is wider than the input port (1 bits) it drives.  The 31 most-significant bit(s) in the expression will be dangling if they have no other fanouts. ;
; Load[-1] ; Input  ; Info     ; Stuck at GND                                                                                                                                                                       ;
; Q        ; Output ; Warning  ; Output or bidir port (4 bits) is wider than the port expression (1 bits) it drives; bit(s) "Q[3..1]" have no fanouts                                                               ;
+----------+--------+----------+------------------------------------------------------------------------------------------------------------------------------------------------------------------------------------+


+-------------------------------------------------------------------------------------------------------------------------------------------------------------------------------------------------------------------+
; Port Connectivity Checks: "keypad:k1|shiftRegDebounce:s9"                                                                                                                                                         ;
+----------+--------+----------+------------------------------------------------------------------------------------------------------------------------------------------------------------------------------------+
; Port     ; Type   ; Severity ; Details                                                                                                                                                                            ;
+----------+--------+----------+------------------------------------------------------------------------------------------------------------------------------------------------------------------------------------+
; R        ; Input  ; Info     ; Stuck at GND                                                                                                                                                                       ;
; Load     ; Input  ; Warning  ; Input port expression (32 bits) is wider than the input port (1 bits) it drives.  The 31 most-significant bit(s) in the expression will be dangling if they have no other fanouts. ;
; Load[-1] ; Input  ; Info     ; Stuck at GND                                                                                                                                                                       ;
; Q        ; Output ; Warning  ; Output or bidir port (4 bits) is wider than the port expression (1 bits) it drives; bit(s) "Q[3..1]" have no fanouts                                                               ;
+----------+--------+----------+------------------------------------------------------------------------------------------------------------------------------------------------------------------------------------+


+-------------------------------------------------------------------------------------------------------------------------------------------------------------------------------------------------------------------+
; Port Connectivity Checks: "keypad:k1|shiftRegDebounce:s8"                                                                                                                                                         ;
+----------+--------+----------+------------------------------------------------------------------------------------------------------------------------------------------------------------------------------------+
; Port     ; Type   ; Severity ; Details                                                                                                                                                                            ;
+----------+--------+----------+------------------------------------------------------------------------------------------------------------------------------------------------------------------------------------+
; R        ; Input  ; Info     ; Stuck at GND                                                                                                                                                                       ;
; Load     ; Input  ; Warning  ; Input port expression (32 bits) is wider than the input port (1 bits) it drives.  The 31 most-significant bit(s) in the expression will be dangling if they have no other fanouts. ;
; Load[-1] ; Input  ; Info     ; Stuck at GND                                                                                                                                                                       ;
; Q        ; Output ; Warning  ; Output or bidir port (4 bits) is wider than the port expression (1 bits) it drives; bit(s) "Q[3..1]" have no fanouts                                                               ;
+----------+--------+----------+------------------------------------------------------------------------------------------------------------------------------------------------------------------------------------+


+-------------------------------------------------------------------------------------------------------------------------------------------------------------------------------------------------------------------+
; Port Connectivity Checks: "keypad:k1|shiftRegDebounce:s7"                                                                                                                                                         ;
+----------+--------+----------+------------------------------------------------------------------------------------------------------------------------------------------------------------------------------------+
; Port     ; Type   ; Severity ; Details                                                                                                                                                                            ;
+----------+--------+----------+------------------------------------------------------------------------------------------------------------------------------------------------------------------------------------+
; R        ; Input  ; Info     ; Stuck at GND                                                                                                                                                                       ;
; Load     ; Input  ; Warning  ; Input port expression (32 bits) is wider than the input port (1 bits) it drives.  The 31 most-significant bit(s) in the expression will be dangling if they have no other fanouts. ;
; Load[-1] ; Input  ; Info     ; Stuck at GND                                                                                                                                                                       ;
; Q        ; Output ; Warning  ; Output or bidir port (4 bits) is wider than the port expression (1 bits) it drives; bit(s) "Q[3..1]" have no fanouts                                                               ;
+----------+--------+----------+------------------------------------------------------------------------------------------------------------------------------------------------------------------------------------+


+-------------------------------------------------------------------------------------------------------------------------------------------------------------------------------------------------------------------+
; Port Connectivity Checks: "keypad:k1|shiftRegDebounce:s6"                                                                                                                                                         ;
+----------+--------+----------+------------------------------------------------------------------------------------------------------------------------------------------------------------------------------------+
; Port     ; Type   ; Severity ; Details                                                                                                                                                                            ;
+----------+--------+----------+------------------------------------------------------------------------------------------------------------------------------------------------------------------------------------+
; R        ; Input  ; Info     ; Stuck at GND                                                                                                                                                                       ;
; Load     ; Input  ; Warning  ; Input port expression (32 bits) is wider than the input port (1 bits) it drives.  The 31 most-significant bit(s) in the expression will be dangling if they have no other fanouts. ;
; Load[-1] ; Input  ; Info     ; Stuck at GND                                                                                                                                                                       ;
; Q        ; Output ; Warning  ; Output or bidir port (4 bits) is wider than the port expression (1 bits) it drives; bit(s) "Q[3..1]" have no fanouts                                                               ;
+----------+--------+----------+------------------------------------------------------------------------------------------------------------------------------------------------------------------------------------+


+-------------------------------------------------------------------------------------------------------------------------------------------------------------------------------------------------------------------+
; Port Connectivity Checks: "keypad:k1|shiftRegDebounce:s5"                                                                                                                                                         ;
+----------+--------+----------+------------------------------------------------------------------------------------------------------------------------------------------------------------------------------------+
; Port     ; Type   ; Severity ; Details                                                                                                                                                                            ;
+----------+--------+----------+------------------------------------------------------------------------------------------------------------------------------------------------------------------------------------+
; R        ; Input  ; Info     ; Stuck at GND                                                                                                                                                                       ;
; Load     ; Input  ; Warning  ; Input port expression (32 bits) is wider than the input port (1 bits) it drives.  The 31 most-significant bit(s) in the expression will be dangling if they have no other fanouts. ;
; Load[-1] ; Input  ; Info     ; Stuck at GND                                                                                                                                                                       ;
; Q        ; Output ; Warning  ; Output or bidir port (4 bits) is wider than the port expression (1 bits) it drives; bit(s) "Q[3..1]" have no fanouts                                                               ;
+----------+--------+----------+------------------------------------------------------------------------------------------------------------------------------------------------------------------------------------+


+-------------------------------------------------------------------------------------------------------------------------------------------------------------------------------------------------------------------+
; Port Connectivity Checks: "keypad:k1|shiftRegDebounce:s4"                                                                                                                                                         ;
+----------+--------+----------+------------------------------------------------------------------------------------------------------------------------------------------------------------------------------------+
; Port     ; Type   ; Severity ; Details                                                                                                                                                                            ;
+----------+--------+----------+------------------------------------------------------------------------------------------------------------------------------------------------------------------------------------+
; R        ; Input  ; Info     ; Stuck at GND                                                                                                                                                                       ;
; Load     ; Input  ; Warning  ; Input port expression (32 bits) is wider than the input port (1 bits) it drives.  The 31 most-significant bit(s) in the expression will be dangling if they have no other fanouts. ;
; Load[-1] ; Input  ; Info     ; Stuck at GND                                                                                                                                                                       ;
; Q        ; Output ; Warning  ; Output or bidir port (4 bits) is wider than the port expression (1 bits) it drives; bit(s) "Q[3..1]" have no fanouts                                                               ;
+----------+--------+----------+------------------------------------------------------------------------------------------------------------------------------------------------------------------------------------+


+-------------------------------------------------------------------------------------------------------------------------------------------------------------------------------------------------------------------+
; Port Connectivity Checks: "keypad:k1|shiftRegDebounce:s3"                                                                                                                                                         ;
+----------+--------+----------+------------------------------------------------------------------------------------------------------------------------------------------------------------------------------------+
; Port     ; Type   ; Severity ; Details                                                                                                                                                                            ;
+----------+--------+----------+------------------------------------------------------------------------------------------------------------------------------------------------------------------------------------+
; R        ; Input  ; Info     ; Stuck at GND                                                                                                                                                                       ;
; Load     ; Input  ; Warning  ; Input port expression (32 bits) is wider than the input port (1 bits) it drives.  The 31 most-significant bit(s) in the expression will be dangling if they have no other fanouts. ;
; Load[-1] ; Input  ; Info     ; Stuck at GND                                                                                                                                                                       ;
; Q        ; Output ; Warning  ; Output or bidir port (4 bits) is wider than the port expression (1 bits) it drives; bit(s) "Q[3..1]" have no fanouts                                                               ;
+----------+--------+----------+------------------------------------------------------------------------------------------------------------------------------------------------------------------------------------+


+-------------------------------------------------------------------------------------------------------------------------------------------------------------------------------------------------------------------+
; Port Connectivity Checks: "keypad:k1|shiftRegDebounce:s2"                                                                                                                                                         ;
+----------+--------+----------+------------------------------------------------------------------------------------------------------------------------------------------------------------------------------------+
; Port     ; Type   ; Severity ; Details                                                                                                                                                                            ;
+----------+--------+----------+------------------------------------------------------------------------------------------------------------------------------------------------------------------------------------+
; R        ; Input  ; Info     ; Stuck at GND                                                                                                                                                                       ;
; Load     ; Input  ; Warning  ; Input port expression (32 bits) is wider than the input port (1 bits) it drives.  The 31 most-significant bit(s) in the expression will be dangling if they have no other fanouts. ;
; Load[-1] ; Input  ; Info     ; Stuck at GND                                                                                                                                                                       ;
; Q        ; Output ; Warning  ; Output or bidir port (4 bits) is wider than the port expression (1 bits) it drives; bit(s) "Q[3..1]" have no fanouts                                                               ;
+----------+--------+----------+------------------------------------------------------------------------------------------------------------------------------------------------------------------------------------+


+-------------------------------------------------------------------------------------------------------------------------------------------------------------------------------------------------------------------+
; Port Connectivity Checks: "keypad:k1|shiftRegDebounce:s1"                                                                                                                                                         ;
+----------+--------+----------+------------------------------------------------------------------------------------------------------------------------------------------------------------------------------------+
; Port     ; Type   ; Severity ; Details                                                                                                                                                                            ;
+----------+--------+----------+------------------------------------------------------------------------------------------------------------------------------------------------------------------------------------+
; R        ; Input  ; Info     ; Stuck at GND                                                                                                                                                                       ;
; Load     ; Input  ; Warning  ; Input port expression (32 bits) is wider than the input port (1 bits) it drives.  The 31 most-significant bit(s) in the expression will be dangling if they have no other fanouts. ;
; Load[-1] ; Input  ; Info     ; Stuck at GND                                                                                                                                                                       ;
; Q        ; Output ; Warning  ; Output or bidir port (4 bits) is wider than the port expression (1 bits) it drives; bit(s) "Q[3..1]" have no fanouts                                                               ;
+----------+--------+----------+------------------------------------------------------------------------------------------------------------------------------------------------------------------------------------+


+-------------------------------------------------------------------------------------------------------------------------------------------------------------------------------------------------------------------+
; Port Connectivity Checks: "keypad:k1|shiftRegDebounce:s0"                                                                                                                                                         ;
+----------+--------+----------+------------------------------------------------------------------------------------------------------------------------------------------------------------------------------------+
; Port     ; Type   ; Severity ; Details                                                                                                                                                                            ;
+----------+--------+----------+------------------------------------------------------------------------------------------------------------------------------------------------------------------------------------+
; R        ; Input  ; Info     ; Stuck at GND                                                                                                                                                                       ;
; Load     ; Input  ; Warning  ; Input port expression (32 bits) is wider than the input port (1 bits) it drives.  The 31 most-significant bit(s) in the expression will be dangling if they have no other fanouts. ;
; Load[-1] ; Input  ; Info     ; Stuck at GND                                                                                                                                                                       ;
; Q        ; Output ; Warning  ; Output or bidir port (4 bits) is wider than the port expression (1 bits) it drives; bit(s) "Q[3..1]" have no fanouts                                                               ;
; Q        ; Output ; Info     ; Connected to dangling logic. Logic that only feeds a dangling port will be removed.                                                                                                ;
+----------+--------+----------+------------------------------------------------------------------------------------------------------------------------------------------------------------------------------------+


+-------------------------------------------------------------------------------------------------------------------------------------------------------------------------------------------------------------------+
; Port Connectivity Checks: "clk_div:c1"                                                                                                                                                                            ;
+-----------+-------+----------+------------------------------------------------------------------------------------------------------------------------------------------------------------------------------------+
; Port      ; Type  ; Severity ; Details                                                                                                                                                                            ;
+-----------+-------+----------+------------------------------------------------------------------------------------------------------------------------------------------------------------------------------------+
; reset     ; Input ; Warning  ; Input port expression (32 bits) is wider than the input port (1 bits) it drives.  The 31 most-significant bit(s) in the expression will be dangling if they have no other fanouts. ;
; reset[-1] ; Input ; Info     ; Stuck at VCC                                                                                                                                                                       ;
+-----------+-------+----------+------------------------------------------------------------------------------------------------------------------------------------------------------------------------------------+


+-------------------------------+
; Elapsed Time Per Partition    ;
+----------------+--------------+
; Partition Name ; Elapsed Time ;
+----------------+--------------+
; Top            ; 00:00:00     ;
+----------------+--------------+


+-------------------------------+
; Analysis & Synthesis Messages ;
+-------------------------------+
Info: *******************************************************************
Info: Running Quartus II 64-Bit Analysis & Synthesis
    Info: Version 12.0 Build 178 05/31/2012 SJ Full Version
    Info: Processing started: Fri Sep 23 14:47:36 2016
Info: Command: quartus_map --read_settings_files=on --write_settings_files=off MECHENG371_Project -c MECHENG371_Project
Info (20030): Parallel compilation is enabled and will use 4 of the 4 processors detected
Info (12021): Found 1 design units, including 1 entities, in source file mecheng371_project.v
    Info (12023): Found entity 1: MECHENG371_Project
Info (12021): Found 1 design units, including 1 entities, in source file colfunction.v
    Info (12023): Found entity 1: colFunction
Info (12021): Found 1 design units, including 1 entities, in source file keypad.v
    Info (12023): Found entity 1: keypad
Info (12021): Found 1 design units, including 1 entities, in source file clk_div.v
    Info (12023): Found entity 1: clk_div
Info (12021): Found 1 design units, including 1 entities, in source file hexencoder.v
    Info (12023): Found entity 1: hexEncoder
Info (12021): Found 1 design units, including 1 entities, in source file shiftregdebounce.v
    Info (12023): Found entity 1: shiftRegDebounce
Info (12021): Found 1 design units, including 1 entities, in source file shiftreg.v
    Info (12023): Found entity 1: shiftReg
Warning (10236): Verilog HDL Implicit Net warning at keypad.v(12): created implicit net for "Q1"
Info (12127): Elaborating entity "MECHENG371_Project" for the top level hierarchy
Warning (10034): Output port "LEDR[15..9]" at MECHENG371_Project.v(5) has no driver
Warning (10034): Output port "LEDR[4..0]" at MECHENG371_Project.v(5) has no driver
Warning (10034): Output port "LEDG[7..6]" at MECHENG371_Project.v(6) has no driver
Warning (10034): Output port "HEX0" at MECHENG371_Project.v(4) has no driver
Warning (10034): Output port "HEX1" at MECHENG371_Project.v(4) has no driver
Warning (10034): Output port "HEX2" at MECHENG371_Project.v(4) has no driver
Warning (10034): Output port "HEX3" at MECHENG371_Project.v(4) has no driver
Info (12128): Elaborating entity "clk_div" for hierarchy "clk_div:c1"
Warning (10230): Verilog HDL assignment warning at clk_div.v(24): truncated value with size 32 to match size of target (26)
Info (12128): Elaborating entity "colFunction" for hierarchy "colFunction:c60"
Warning (10230): Verilog HDL assignment warning at colFunction.v(13): truncated value with size 32 to match size of target (2)
Info (12128): Elaborating entity "keypad" for hierarchy "keypad:k1"
Info (10264): Verilog HDL Case Statement information at keypad.v(81): all case item expressions in this case statement are onehot
Info (12128): Elaborating entity "shiftRegDebounce" for hierarchy "keypad:k1|shiftRegDebounce:s0"
Info (12128): Elaborating entity "shiftReg" for hierarchy "shiftReg:sA"
Info (12128): Elaborating entity "hexEncoder" for hierarchy "hexEncoder:hA1"
Warning (10270): Verilog HDL Case Statement warning at hexEncoder.v(8): incomplete case statement has no default case item
Warning (10240): Verilog HDL Always Construct warning at hexEncoder.v(7): inferring latch(es) for variable "HEX", which holds its previous value in one or more paths through the always construct
Info (10041): Inferred latch for "HEX[0]" at hexEncoder.v(7)
Info (10041): Inferred latch for "HEX[1]" at hexEncoder.v(7)
Info (10041): Inferred latch for "HEX[2]" at hexEncoder.v(7)
Info (10041): Inferred latch for "HEX[3]" at hexEncoder.v(7)
Info (10041): Inferred latch for "HEX[4]" at hexEncoder.v(7)
Info (10041): Inferred latch for "HEX[5]" at hexEncoder.v(7)
Info (10041): Inferred latch for "HEX[6]" at hexEncoder.v(7)
Warning (12241): 21 hierarchies have connectivity warnings - see the Connectivity Checks report folder
Warning (13034): The following nodes have both tri-state and non-tri-state drivers
    Warning (13035): Inserted always-enabled tri-state buffer between "GPIO_0[10]" and its non-tri-state driver.
    Warning (13035): Inserted always-enabled tri-state buffer between "GPIO_0[12]" and its non-tri-state driver.
    Warning (13035): Inserted always-enabled tri-state buffer between "GPIO_0[14]" and its non-tri-state driver.
    Warning (13035): Inserted always-enabled tri-state buffer between "GPIO_0[16]" and its non-tri-state driver.
Warning (13039): The following bidir pins have no drivers
    Warning (13040): Bidir "GPIO_0[11]" has no driver
    Warning (13040): Bidir "GPIO_0[13]" has no driver
    Warning (13040): Bidir "GPIO_0[15]" has no driver
    Warning (13040): Bidir "GPIO_0[17]" has no driver
    Warning (13040): Bidir "GPIO_0[19]" has no driver
    Warning (13040): Bidir "GPIO_0[21]" has no driver
    Warning (13040): Bidir "GPIO_0[23]" has no driver
    Warning (13040): Bidir "GPIO_0[18]" has no driver
    Warning (13040): Bidir "GPIO_0[20]" has no driver
    Warning (13040): Bidir "GPIO_0[22]" has no driver
    Warning (13040): Bidir "GPIO_0[24]" has no driver
Info (13025): Duplicate LATCH primitives merged into single LATCH primitive
    Info (13026): Duplicate LATCH primitive "hexEncoder:hA1|HEX[0]" merged with LATCH primitive "hexEncoder:hB1|HEX[0]"
    Info (13026): Duplicate LATCH primitive "hexEncoder:hA1|HEX[1]" merged with LATCH primitive "hexEncoder:hB1|HEX[1]"
    Info (13026): Duplicate LATCH primitive "hexEncoder:hA1|HEX[2]" merged with LATCH primitive "hexEncoder:hB1|HEX[2]"
    Info (13026): Duplicate LATCH primitive "hexEncoder:hA1|HEX[3]" merged with LATCH primitive "hexEncoder:hB1|HEX[3]"
    Info (13026): Duplicate LATCH primitive "hexEncoder:hA1|HEX[4]" merged with LATCH primitive "hexEncoder:hB1|HEX[4]"
    Info (13026): Duplicate LATCH primitive "hexEncoder:hA1|HEX[5]" merged with LATCH primitive "hexEncoder:hB1|HEX[5]"
    Info (13026): Duplicate LATCH primitive "hexEncoder:hA1|HEX[6]" merged with LATCH primitive "hexEncoder:hB1|HEX[6]"
    Info (13026): Duplicate LATCH primitive "hexEncoder:hA2|HEX[0]" merged with LATCH primitive "hexEncoder:hB2|HEX[0]"
    Info (13026): Duplicate LATCH primitive "hexEncoder:hA2|HEX[1]" merged with LATCH primitive "hexEncoder:hB2|HEX[1]"
    Info (13026): Duplicate LATCH primitive "hexEncoder:hA2|HEX[2]" merged with LATCH primitive "hexEncoder:hB2|HEX[2]"
    Info (13026): Duplicate LATCH primitive "hexEncoder:hA2|HEX[3]" merged with LATCH primitive "hexEncoder:hB2|HEX[3]"
    Info (13026): Duplicate LATCH primitive "hexEncoder:hA2|HEX[4]" merged with LATCH primitive "hexEncoder:hB2|HEX[4]"
    Info (13026): Duplicate LATCH primitive "hexEncoder:hA2|HEX[5]" merged with LATCH primitive "hexEncoder:hB2|HEX[5]"
    Info (13026): Duplicate LATCH primitive "hexEncoder:hA2|HEX[6]" merged with LATCH primitive "hexEncoder:hB2|HEX[6]"
Warning (13012): Latch hexEncoder:hB1|HEX[0] has unsafe behavior
    Warning (13013): Ports D and ENA on the latch are fed by the same signal shiftReg:sB|ShiftedValues[0]
Warning (13012): Latch hexEncoder:hB1|HEX[1] has unsafe behavior
    Warning (13013): Ports D and ENA on the latch are fed by the same signal shiftReg:sB|ShiftedValues[0]
Warning (13012): Latch hexEncoder:hB1|HEX[2] has unsafe behavior
    Warning (13013): Ports D and ENA on the latch are fed by the same signal shiftReg:sB|ShiftedValues[0]
Warning (13012): Latch hexEncoder:hB1|HEX[3] has unsafe behavior
    Warning (13013): Ports D and ENA on the latch are fed by the same signal shiftReg:sB|ShiftedValues[0]
Warning (13012): Latch hexEncoder:hB1|HEX[4] has unsafe behavior
    Warning (13013): Ports D and ENA on the latch are fed by the same signal shiftReg:sB|ShiftedValues[0]
Warning (13012): Latch hexEncoder:hB1|HEX[5] has unsafe behavior
    Warning (13013): Ports D and ENA on the latch are fed by the same signal shiftReg:sB|ShiftedValues[0]
Warning (13012): Latch hexEncoder:hB1|HEX[6] has unsafe behavior
    Warning (13013): Ports D and ENA on the latch are fed by the same signal shiftReg:sB|ShiftedValues[0]
Warning (13012): Latch hexEncoder:hB2|HEX[0] has unsafe behavior
    Warning (13013): Ports D and ENA on the latch are fed by the same signal shiftReg:sB|ShiftedValues[4]
Warning (13012): Latch hexEncoder:hB2|HEX[1] has unsafe behavior
    Warning (13013): Ports D and ENA on the latch are fed by the same signal shiftReg:sB|ShiftedValues[4]
Warning (13012): Latch hexEncoder:hB2|HEX[2] has unsafe behavior
    Warning (13013): Ports D and ENA on the latch are fed by the same signal shiftReg:sB|ShiftedValues[4]
Warning (13012): Latch hexEncoder:hB2|HEX[3] has unsafe behavior
    Warning (13013): Ports D and ENA on the latch are fed by the same signal shiftReg:sB|ShiftedValues[4]
Warning (13012): Latch hexEncoder:hB2|HEX[4] has unsafe behavior
    Warning (13013): Ports D and ENA on the latch are fed by the same signal shiftReg:sB|ShiftedValues[4]
Warning (13012): Latch hexEncoder:hB2|HEX[5] has unsafe behavior
    Warning (13013): Ports D and ENA on the latch are fed by the same signal shiftReg:sB|ShiftedValues[4]
Warning (13012): Latch hexEncoder:hB2|HEX[6] has unsafe behavior
    Warning (13013): Ports D and ENA on the latch are fed by the same signal shiftReg:sB|ShiftedValues[4]
Warning (13009): TRI or OPNDRN buffers permanently enabled
    Warning (13010): Node "GPIO_0[10]~synth"
    Warning (13010): Node "GPIO_0[12]~synth"
    Warning (13010): Node "GPIO_0[14]~synth"
    Warning (13010): Node "GPIO_0[16]~synth"
Warning (13024): Output pins are stuck at VCC or GND
    Warning (13410): Pin "LEDR[0]" is stuck at GND
    Warning (13410): Pin "LEDR[1]" is stuck at GND
    Warning (13410): Pin "LEDR[2]" is stuck at GND
    Warning (13410): Pin "LEDR[3]" is stuck at GND
    Warning (13410): Pin "LEDR[4]" is stuck at GND
    Warning (13410): Pin "LEDR[8]" is stuck at GND
    Warning (13410): Pin "LEDR[9]" is stuck at GND
    Warning (13410): Pin "LEDR[10]" is stuck at GND
    Warning (13410): Pin "LEDR[11]" is stuck at GND
    Warning (13410): Pin "LEDR[12]" is stuck at GND
    Warning (13410): Pin "LEDR[13]" is stuck at GND
    Warning (13410): Pin "LEDR[14]" is stuck at GND
    Warning (13410): Pin "LEDR[15]" is stuck at GND
    Warning (13410): Pin "LEDG[6]" is stuck at GND
    Warning (13410): Pin "LEDG[7]" is stuck at GND
    Warning (13410): Pin "HEX0[0]" is stuck at GND
    Warning (13410): Pin "HEX0[1]" is stuck at GND
    Warning (13410): Pin "HEX0[2]" is stuck at GND
    Warning (13410): Pin "HEX0[3]" is stuck at GND
    Warning (13410): Pin "HEX0[4]" is stuck at GND
    Warning (13410): Pin "HEX0[5]" is stuck at GND
    Warning (13410): Pin "HEX0[6]" is stuck at GND
    Warning (13410): Pin "HEX0[7]" is stuck at GND
    Warning (13410): Pin "HEX1[0]" is stuck at GND
    Warning (13410): Pin "HEX1[1]" is stuck at GND
    Warning (13410): Pin "HEX1[2]" is stuck at GND
    Warning (13410): Pin "HEX1[3]" is stuck at GND
    Warning (13410): Pin "HEX1[4]" is stuck at GND
    Warning (13410): Pin "HEX1[5]" is stuck at GND
    Warning (13410): Pin "HEX1[6]" is stuck at GND
    Warning (13410): Pin "HEX1[7]" is stuck at GND
    Warning (13410): Pin "HEX2[0]" is stuck at GND
    Warning (13410): Pin "HEX2[1]" is stuck at GND
    Warning (13410): Pin "HEX2[2]" is stuck at GND
    Warning (13410): Pin "HEX2[3]" is stuck at GND
    Warning (13410): Pin "HEX2[4]" is stuck at GND
    Warning (13410): Pin "HEX2[5]" is stuck at GND
    Warning (13410): Pin "HEX2[6]" is stuck at GND
    Warning (13410): Pin "HEX2[7]" is stuck at GND
    Warning (13410): Pin "HEX3[0]" is stuck at GND
    Warning (13410): Pin "HEX3[1]" is stuck at GND
    Warning (13410): Pin "HEX3[2]" is stuck at GND
    Warning (13410): Pin "HEX3[3]" is stuck at GND
    Warning (13410): Pin "HEX3[4]" is stuck at GND
    Warning (13410): Pin "HEX3[5]" is stuck at GND
    Warning (13410): Pin "HEX3[6]" is stuck at GND
    Warning (13410): Pin "HEX3[7]" is stuck at GND
    Warning (13410): Pin "HEX4[7]" is stuck at GND
    Warning (13410): Pin "HEX5[7]" is stuck at GND
    Warning (13410): Pin "HEX6[7]" is stuck at GND
    Warning (13410): Pin "HEX7[7]" is stuck at GND
Info (144001): Generated suppressed messages file D:/371_Project1/MECHENG371_Project.map.smsg
Info (16010): Generating hard_block partition "hard_block:auto_generated_inst"
    Info (16011): Adding 0 node(s), including 0 DDIO, 0 PLL, 0 transceiver and 0 LCELL
Warning (21074): Design contains 16 input pin(s) that do not drive logic
    Warning (15610): No output dependent on input pin "SW[0]"
    Warning (15610): No output dependent on input pin "SW[1]"
    Warning (15610): No output dependent on input pin "SW[2]"
    Warning (15610): No output dependent on input pin "SW[3]"
    Warning (15610): No output dependent on input pin "SW[4]"
    Warning (15610): No output dependent on input pin "SW[5]"
    Warning (15610): No output dependent on input pin "SW[6]"
    Warning (15610): No output dependent on input pin "SW[7]"
    Warning (15610): No output dependent on input pin "SW[8]"
    Warning (15610): No output dependent on input pin "SW[9]"
    Warning (15610): No output dependent on input pin "SW[10]"
    Warning (15610): No output dependent on input pin "SW[11]"
    Warning (15610): No output dependent on input pin "SW[12]"
    Warning (15610): No output dependent on input pin "SW[13]"
    Warning (15610): No output dependent on input pin "SW[14]"
    Warning (15610): No output dependent on input pin "SW[15]"
Info (21057): Implemented 369 device resources after synthesis - the final resource count might be different
    Info (21058): Implemented 19 input pins
    Info (21059): Implemented 90 output pins
    Info (21060): Implemented 15 bidirectional pins
    Info (21061): Implemented 245 logic cells
Info: Quartus II 64-Bit Analysis & Synthesis was successful. 0 errors, 132 warnings
    Info: Peak virtual memory: 410 megabytes
    Info: Processing ended: Fri Sep 23 14:47:38 2016
    Info: Elapsed time: 00:00:02
    Info: Total CPU time (on all processors): 00:00:01


+------------------------------------------+
; Analysis & Synthesis Suppressed Messages ;
+------------------------------------------+
The suppressed messages can be found in D:/371_Project1/MECHENG371_Project.map.smsg.


